{
  "stats": {
    "suites": 1,
    "tests": 7,
    "passes": 7,
    "pending": 0,
    "failures": 0,
    "start": "2023-07-02T23:14:38.882Z",
    "end": "2023-07-02T23:14:59.115Z",
    "duration": 20233,
    "testsRegistered": 7,
    "passPercent": 100,
    "pendingPercent": 0,
    "other": 0,
    "hasOther": false,
    "skipped": 0,
    "hasSkipped": false
  },
  "results": [
    {
      "uuid": "0fccb43f-ed58-43da-901e-d880e13d8ecc",
      "title": "",
      "fullFile": "cypress\\integration\\mainTest.spec.js",
      "file": "cypress\\integration\\mainTest.spec.js",
      "beforeHooks": [],
      "afterHooks": [],
      "tests": [],
      "suites": [
        {
          "uuid": "9601243b-6e06-454f-afea-2d9d58e7097f",
          "title": "DemoBlaze",
          "fullFile": "",
          "file": "",
          "beforeHooks": [],
          "afterHooks": [],
          "tests": [
            {
              "title": "should sign up successfully",
              "fullTitle": "DemoBlaze should sign up successfully",
              "timedOut": null,
              "duration": 2671,
              "state": "passed",
              "speed": "fast",
              "pass": true,
              "fail": false,
              "pending": false,
              "context": null,
              "code": "homePage.clickSignUpLink();\nsignUpPage.signUp(_testData.default.username, _testData.default.password);\nsignUpPage.verifySignUpSuccess();",
              "err": {},
              "uuid": "805458d9-26df-4f7c-a538-05ed84bb029d",
              "parentUUID": "9601243b-6e06-454f-afea-2d9d58e7097f",
              "isHook": false,
              "skipped": false
            },
            {
              "title": "should sign up failed",
              "fullTitle": "DemoBlaze should sign up failed",
              "timedOut": null,
              "duration": 1856,
              "state": "passed",
              "speed": "fast",
              "pass": true,
              "fail": false,
              "pending": false,
              "context": null,
              "code": "homePage.clickSignUpLink();\nsignUpPage.signUp(_testData.default.username, _testData.default.password);\nsignUpPage.verifySignUpFailed();",
              "err": {},
              "uuid": "3615fc76-d8b2-45cd-abe2-662a274487c2",
              "parentUUID": "9601243b-6e06-454f-afea-2d9d58e7097f",
              "isHook": false,
              "skipped": false
            },
            {
              "title": "should log in and log out",
              "fullTitle": "DemoBlaze should log in and log out",
              "timedOut": null,
              "duration": 1627,
              "state": "passed",
              "speed": "fast",
              "pass": true,
              "fail": false,
              "pending": false,
              "context": null,
              "code": "homePage.clickLoginLink();\nloginPage.login(_testData.default.username, _testData.default.password);\nloginPage.verifyLoginSuccess();\nloginPage.clickLogoutLink();\nloginPage.verifyLogoutSuccess();",
              "err": {},
              "uuid": "719430ea-74d0-4b95-92ba-93d4fc90f3c5",
              "parentUUID": "9601243b-6e06-454f-afea-2d9d58e7097f",
              "isHook": false,
              "skipped": false
            },
            {
              "title": "should add item to cart ",
              "fullTitle": "DemoBlaze should add item to cart ",
              "timedOut": null,
              "duration": 3068,
              "state": "passed",
              "speed": "fast",
              "pass": true,
              "fail": false,
              "pending": false,
              "context": null,
              "code": "homePage.clickCartLink();\nhomePage.addToCart();\ncartPage.verifyAddCartSuccess();",
              "err": {},
              "uuid": "ebbdbce2-065e-4fe7-aa87-a07ab3efedad",
              "parentUUID": "9601243b-6e06-454f-afea-2d9d58e7097f",
              "isHook": false,
              "skipped": false
            },
            {
              "title": "should place order successfully",
              "fullTitle": "DemoBlaze should place order successfully",
              "timedOut": null,
              "duration": 3691,
              "state": "passed",
              "speed": "fast",
              "pass": true,
              "fail": false,
              "pending": false,
              "context": null,
              "code": "homePage.clickCartButton();\ncartPage.placeOrder();\norderPage.fillOrderDetails(_testData.default.name, _testData.default.country, _testData.default.city, _testData.default.creditCard, _testData.default.month, _testData.default.year);\norderPage.purchaseOrder();\norderPage.verifyPurchaseSuccess();",
              "err": {},
              "uuid": "4279082c-72a7-41ad-bfb0-b4defb40406d",
              "parentUUID": "9601243b-6e06-454f-afea-2d9d58e7097f",
              "isHook": false,
              "skipped": false
            },
            {
              "title": "should place order failed",
              "fullTitle": "DemoBlaze should place order failed",
              "timedOut": null,
              "duration": 2492,
              "state": "passed",
              "speed": "fast",
              "pass": true,
              "fail": false,
              "pending": false,
              "context": null,
              "code": "homePage.clickCartButton();\ncartPage.placeOrder();\norderPage.fillOrderDetailsFailed();\norderPage.purchaseOrder();\norderPage.verifyPutchaseFailed();",
              "err": {},
              "uuid": "0ee60c9d-fd47-4fe0-a3a2-78239a759541",
              "parentUUID": "9601243b-6e06-454f-afea-2d9d58e7097f",
              "isHook": false,
              "skipped": false
            },
            {
              "title": "should contact the menu",
              "fullTitle": "DemoBlaze should contact the menu",
              "timedOut": null,
              "duration": 2526,
              "state": "passed",
              "speed": "fast",
              "pass": true,
              "fail": false,
              "pending": false,
              "context": null,
              "code": "homePage.clickContactMenu();\ncontactMenuPage.fillContactForm(_testData.default.name, _testData.default.email, _testData.default.message);\ncontactMenuPage.submitContactForm();\ncontactMenuPage.verifySubmissionSuccess();",
              "err": {},
              "uuid": "46356cc1-880e-4ae0-b3ec-1a9ce1db2f03",
              "parentUUID": "9601243b-6e06-454f-afea-2d9d58e7097f",
              "isHook": false,
              "skipped": false
            }
          ],
          "suites": [],
          "passes": [
            "805458d9-26df-4f7c-a538-05ed84bb029d",
            "3615fc76-d8b2-45cd-abe2-662a274487c2",
            "719430ea-74d0-4b95-92ba-93d4fc90f3c5",
            "ebbdbce2-065e-4fe7-aa87-a07ab3efedad",
            "4279082c-72a7-41ad-bfb0-b4defb40406d",
            "0ee60c9d-fd47-4fe0-a3a2-78239a759541",
            "46356cc1-880e-4ae0-b3ec-1a9ce1db2f03"
          ],
          "failures": [],
          "pending": [],
          "skipped": [],
          "duration": 17931,
          "root": false,
          "rootEmpty": false,
          "_timeout": 2000
        }
      ],
      "passes": [],
      "failures": [],
      "pending": [],
      "skipped": [],
      "duration": 0,
      "root": true,
      "rootEmpty": true,
      "_timeout": 2000
    }
  ],
  "meta": {
    "mocha": {
      "version": "7.0.1"
    },
    "mochawesome": {
      "options": {
        "quiet": false,
        "reportFilename": "mochawesome",
        "saveHtml": true,
        "saveJson": true,
        "consoleReporter": "spec",
        "useInlineDiffs": false,
        "code": true
      },
      "version": "7.1.3"
    },
    "marge": {
      "options": null,
      "version": "6.2.0"
    }
  }
}