{
  "stats": {
    "suites": 1,
    "tests": 6,
    "passes": 6,
    "pending": 0,
    "failures": 0,
    "start": "2023-07-02T22:33:54.821Z",
    "end": "2023-07-02T22:34:12.425Z",
    "duration": 17604,
    "testsRegistered": 6,
    "passPercent": 100,
    "pendingPercent": 0,
    "other": 0,
    "hasOther": false,
    "skipped": 0,
    "hasSkipped": false
  },
  "results": [
    {
      "uuid": "8197824c-04ed-4240-8e33-4f6ffe326ee6",
      "title": "",
      "fullFile": "cypress\\integration\\mainTest.spec.js",
      "file": "cypress\\integration\\mainTest.spec.js",
      "beforeHooks": [],
      "afterHooks": [],
      "tests": [],
      "suites": [
        {
          "uuid": "8e183dac-fb45-487e-9dec-6d2c29bd6f50",
          "title": "DemoBlaze",
          "fullFile": "",
          "file": "",
          "beforeHooks": [],
          "afterHooks": [],
          "tests": [
            {
              "title": "should sign up successfully",
              "fullTitle": "DemoBlaze should sign up successfully",
              "timedOut": null,
              "duration": 2637,
              "state": "passed",
              "speed": "fast",
              "pass": true,
              "fail": false,
              "pending": false,
              "context": null,
              "code": "homePage.clickSignUpLink();\nsignUpPage.signUp(_testData.default.username, _testData.default.password);\nsignUpPage.verifySignUpSuccess();",
              "err": {},
              "uuid": "c9225349-5790-48f7-b278-2027765dc9ca",
              "parentUUID": "8e183dac-fb45-487e-9dec-6d2c29bd6f50",
              "isHook": false,
              "skipped": false
            },
            {
              "title": "should sign up failed",
              "fullTitle": "DemoBlaze should sign up failed",
              "timedOut": null,
              "duration": 1762,
              "state": "passed",
              "speed": "fast",
              "pass": true,
              "fail": false,
              "pending": false,
              "context": null,
              "code": "homePage.clickSignUpLink();\nsignUpPage.signUp(_testData.default.username, _testData.default.password);\nsignUpPage.verifySignUpFailed();",
              "err": {},
              "uuid": "d4c7e802-d30f-40fd-92f5-30eb0d94f71f",
              "parentUUID": "8e183dac-fb45-487e-9dec-6d2c29bd6f50",
              "isHook": false,
              "skipped": false
            },
            {
              "title": "should log in and log out",
              "fullTitle": "DemoBlaze should log in and log out",
              "timedOut": null,
              "duration": 1964,
              "state": "passed",
              "speed": "fast",
              "pass": true,
              "fail": false,
              "pending": false,
              "context": null,
              "code": "homePage.clickLoginLink();\nloginPage.login(_testData.default.username, _testData.default.password);\nloginPage.verifyLoginSuccess();\nloginPage.clickLogoutLink();\nloginPage.verifyLogoutSuccess();",
              "err": {},
              "uuid": "6a5beeb6-e8a9-4a5c-ae70-add7692199fd",
              "parentUUID": "8e183dac-fb45-487e-9dec-6d2c29bd6f50",
              "isHook": false,
              "skipped": false
            },
            {
              "title": "should add item to cart ",
              "fullTitle": "DemoBlaze should add item to cart ",
              "timedOut": null,
              "duration": 2555,
              "state": "passed",
              "speed": "fast",
              "pass": true,
              "fail": false,
              "pending": false,
              "context": null,
              "code": "homePage.clickCartLink();\nhomePage.addToCart();\ncartPage.verifyAddCartSuccess();",
              "err": {},
              "uuid": "1cfc09e4-c7b4-4d36-aea3-824b2a9c1706",
              "parentUUID": "8e183dac-fb45-487e-9dec-6d2c29bd6f50",
              "isHook": false,
              "skipped": false
            },
            {
              "title": "should place order successfully",
              "fullTitle": "DemoBlaze should place order successfully",
              "timedOut": null,
              "duration": 3976,
              "state": "passed",
              "speed": "fast",
              "pass": true,
              "fail": false,
              "pending": false,
              "context": null,
              "code": "homePage.clickCartButton();\ncartPage.placeOrder();\norderPage.fillOrderDetails(_testData.default.name, _testData.default.country, _testData.default.city, _testData.default.creditCard, _testData.default.month, _testData.default.year);\norderPage.purchaseOrder();\norderPage.verifyPurchaseSuccess();",
              "err": {},
              "uuid": "d60d88ae-1a8a-4d3b-a7cd-c8a264ba4466",
              "parentUUID": "8e183dac-fb45-487e-9dec-6d2c29bd6f50",
              "isHook": false,
              "skipped": false
            },
            {
              "title": "should place order failed",
              "fullTitle": "DemoBlaze should place order failed",
              "timedOut": null,
              "duration": 2213,
              "state": "passed",
              "speed": "fast",
              "pass": true,
              "fail": false,
              "pending": false,
              "context": null,
              "code": "homePage.clickCartButton();\ncartPage.placeOrder();\norderPage.fillOrderDetailsFailed();\norderPage.purchaseOrder();\norderPage.verifyPutchaseFailed();",
              "err": {},
              "uuid": "e1ceb3cc-00c6-47a4-8dc1-1c7ff92929fd",
              "parentUUID": "8e183dac-fb45-487e-9dec-6d2c29bd6f50",
              "isHook": false,
              "skipped": false
            }
          ],
          "suites": [],
          "passes": [
            "c9225349-5790-48f7-b278-2027765dc9ca",
            "d4c7e802-d30f-40fd-92f5-30eb0d94f71f",
            "6a5beeb6-e8a9-4a5c-ae70-add7692199fd",
            "1cfc09e4-c7b4-4d36-aea3-824b2a9c1706",
            "d60d88ae-1a8a-4d3b-a7cd-c8a264ba4466",
            "e1ceb3cc-00c6-47a4-8dc1-1c7ff92929fd"
          ],
          "failures": [],
          "pending": [],
          "skipped": [],
          "duration": 15107,
          "root": false,
          "rootEmpty": false,
          "_timeout": 2000
        }
      ],
      "passes": [],
      "failures": [],
      "pending": [],
      "skipped": [],
      "duration": 0,
      "root": true,
      "rootEmpty": true,
      "_timeout": 2000
    }
  ],
  "meta": {
    "mocha": {
      "version": "7.0.1"
    },
    "mochawesome": {
      "options": {
        "quiet": false,
        "reportFilename": "mochawesome",
        "saveHtml": true,
        "saveJson": true,
        "consoleReporter": "spec",
        "useInlineDiffs": false,
        "code": true
      },
      "version": "7.1.3"
    },
    "marge": {
      "options": null,
      "version": "6.2.0"
    }
  }
}